============================================================
Collect all methods ARI/NMI - DIRECT PYTHON no-flash FIXED
Our root      : D:\code\teacherT2S\our
Baseline root : D:\code\teacherT2S\baseline
Output dir    : D:\code\teacherT2S\our\_ari_nmi_summary
Python        : D:\software\anaconda\envs\multit2s_cuda\python.exe
Script        : D:\code\teacherT2S\our\collect_all_methods_ari_nmi_summary.py
Split script  : D:\code\teacherT2S\our\split_main_ablation_tables.py
Log file      : D:\code\teacherT2S\our\_logs\collect_all_methods_ari_nmi_DIRECT_FIXED_2026_05_11_23_09_38.log
============================================================

[1/3] Checking files... 
[2/3] Checking Python packages... 
D:\software\anaconda\envs\multit2s_cuda\python.exe
pandas import ok
Python check ok. 
[3/4] Running collector... 
[INFO] our_root      : D:\code\teacherT2S\our
[INFO] baseline_root : D:\code\teacherT2S\baseline
[INFO] out_dir       : D:\code\teacherT2S\our\_ari_nmi_summary

[INFO] Collecting Ours...

[INFO] Discovering baseline methods...
  autoplait -> AutoPlait
  clasp -> clasp
  e2usd -> E2USD
  hvgh -> HVGH
  redsds -> redsds
  t2s -> Time2State
  ticc -> TICC
[WARN] Excel output failed, CSV files are still available: ModuleNotFoundError("No module named 'openpyxl'")

[DONE] Wrote:
  D:\code\teacherT2S\our\_ari_nmi_summary\all_methods_main_table.csv
  D:\code\teacherT2S\our\_ari_nmi_summary\all_methods_file_summary.csv
  D:\code\teacherT2S\our\_ari_nmi_summary\all_methods_ari_nmi_summary.xlsx

[PREVIEW]
    method     dataset                 protocol status win_size step  cases  ARI_mean  NMI_mean                                                                      source_file
      Ours   actrectut   final-all-case-results     ok                    2  0.786213  0.761775        actrectut\_pid_ablation\results\all_branches_uniform\all_case_results.csv
      Ours   actrectut   final-all-case-results     ok                    2  0.787037  0.757376                    actrectut\_pid_ablation\results\full_pid\all_case_results.csv
      Ours   actrectut   final-all-case-results     ok                    2  0.738862  0.732811                 actrectut\_pid_ablation\results\no_pid_peer\all_case_results.csv
      Ours   actrectut   final-all-case-results     ok                    2  0.757699  0.740835      actrectut\_pid_ablation\results\peer_select_pid_weight\all_case_results.csv
      Ours   actrectut   final-all-case-results     ok                    2  0.779570  0.751271          actrectut\_pid_ablation\results\pid_select_uniform\all_case_results.csv
      Ours   actrectut   final-all-case-results     ok                   20  0.755236  0.747300                             actrectut\results_actrectut_our\all_case_results.csv
Time2State   actrectut       T2S-E2U-same-param     ok      128   50     20  0.742062  0.711070                  t2s\actrectut\results_t2s_actrectut_paper_grid\case_results.csv
Time2State   actrectut T2S-grid-mean-diagnostic     ok                  120  0.727012  0.700309                  t2s\actrectut\results_t2s_actrectut_paper_grid\case_results.csv
     E2USD   actrectut  E2USD-paper-fixed-param     ok      128    1    200  0.545753  0.654043            e2usd\actrectut\results_e2usd_actrectut_strict_fixed\case_results.csv
      TICC   actrectut       baseline-grid-mean     ok                   20  0.771177  0.742160    ticc\actrectut\results_ticc_actrectut_w3_iter10_b3000_thr1e3\case_results.csv
 AutoPlait   actrectut       baseline-grid-mean     ok                   20  0.186435  0.274574                 autoplait\actrectut\results_autoplait_actrectut\case_results.csv
      HVGH   actrectut       baseline-grid-mean     ok                   20  0.025217  0.093700                           hvgh\actrectut\results_hvgh_actrectut\case_results.csv
     clasp   actrectut       baseline-grid-mean     ok                    2  0.307074  0.436085                         clasp\actrectut\results_clasp_actrectut\case_results.csv
      Ours       mocap   final-all-case-results     ok                    9  0.782818  0.806502            mocap\_pid_ablation\results\all_branches_uniform\all_case_results.csv
      Ours       mocap   final-all-case-results     ok                    9  0.824648  0.824871                        mocap\_pid_ablation\results\full_pid\all_case_results.csv
      Ours       mocap   final-all-case-results     ok                    9  0.792355  0.801447                     mocap\_pid_ablation\results\no_pid_peer\all_case_results.csv
      Ours       mocap   final-all-case-results     ok                    9  0.795891  0.805612          mocap\_pid_ablation\results\peer_select_pid_weight\all_case_results.csv
      Ours       mocap   final-all-case-results     ok                    9  0.823030  0.823292              mocap\_pid_ablation\results\pid_select_uniform\all_case_results.csv
      Ours       mocap   final-all-case-results     ok                    9  0.844800  0.829725                                     mocap\results_mocap_our\all_case_results.csv
Time2State       mocap       T2S-E2U-same-param     ok      256   50      9  0.629285  0.715746                          t2s\mocap\results_t2s_mocap_paper_grid\case_results.csv
Time2State       mocap T2S-grid-mean-diagnostic     ok                   54  0.605206  0.685629                          t2s\mocap\results_t2s_mocap_paper_grid\case_results.csv
     E2USD       mocap  E2USD-paper-fixed-param     ok      256   50     90  0.719548  0.736335                    e2usd\mocap\results_e2usd_mocap_strict_fixed\case_results.csv
      TICC       mocap       baseline-grid-mean     ok                    9  0.654187  0.687402                         ticc\mocap\results_ticc_mocap_w5_iter10\case_results.csv
 AutoPlait       mocap       baseline-grid-mean     ok                    9  0.734992  0.746791                         autoplait\mocap\results_autoplait_mocap\case_results.csv
      HVGH       mocap       baseline-grid-mean     ok                    9  0.055748  0.172910                                   hvgh\mocap\results_hvgh_mocap\case_results.csv
     clasp       mocap       baseline-grid-mean     ok                    9  0.630921  0.721028                                 clasp\mocap\results_clasp_mocap\case_results.csv
      Ours      pamap2   final-all-case-results     ok                    8  0.693692  0.805257      PAMAP2_zero\_pid_ablation\results\all_branches_uniform\all_case_results.csv
      Ours      pamap2   final-all-case-results     ok                    8  0.672746  0.792440                  PAMAP2_zero\_pid_ablation\results\full_pid\all_case_results.csv
      Ours      pamap2   final-all-case-results     ok                    8  0.669028  0.783907               PAMAP2_zero\_pid_ablation\results\no_pid_peer\all_case_results.csv
      Ours      pamap2   final-all-case-results     ok                    8  0.680647  0.797997    PAMAP2_zero\_pid_ablation\results\peer_select_pid_weight\all_case_results.csv
      Ours      pamap2   final-all-case-results     ok                    8  0.675261  0.795768        PAMAP2_zero\_pid_ablation\results\pid_select_uniform\all_case_results.csv
      Ours      pamap2   final-all-case-results     ok                    8  0.672746  0.792440          PAMAP2_zero\results_pamap2_zero_fullsensor_remove0\all_case_results.csv
Time2State pamap2_zero       T2S-E2U-same-param     ok      512  100      8  0.548669  0.698296        t2s\pamap2_zero\results_t2s_pamap2_zero_single_train_all\case_results.csv
Time2State pamap2_zero T2S-grid-mean-diagnostic     ok                    8  0.548669  0.698296        t2s\pamap2_zero\results_t2s_pamap2_zero_single_train_all\case_results.csv
     E2USD pamap2_zero  E2USD-paper-fixed-param     ok      512  100     80  0.468880  0.646971        e2usd\pamap2_zero\results_e2usd_pamap2_zero_strict_fixed\case_results.csv
      TICC pamap2_zero       baseline-grid-mean     ok                    8  0.591831  0.746667 ticc\pamap2_zero\results_ticc_pamap2_zero_w3_iter3_b3000_thr1e3\case_results.csv
 AutoPlait pamap2_zero       baseline-grid-mean     ok                    7  0.000000  0.000000             autoplait\pamap2_zero\results_autoplait_pamap2_zero\case_results.csv
      HVGH pamap2_zero       baseline-grid-mean     ok                    3  0.008946  0.048907                       hvgh\pamap2_zero\results_hvgh_pamap2_zero\case_results.csv
     clasp pamap2_zero       baseline-grid-mean     ok                    8  0.246848  0.595389                     clasp\pamap2_zero\results_clasp_pamap2_zero\case_results.csv
      Ours   synthetic   final-all-case-results     ok                  100  0.919558  0.906751        synthetic\_pid_ablation\results\all_branches_uniform\all_case_results.csv
      Ours   synthetic   final-all-case-results     ok                  100  0.890581  0.876233                    synthetic\_pid_ablation\results\full_pid\all_case_results.csv
      Ours   synthetic   final-all-case-results     ok                  100  0.871761  0.858928                 synthetic\_pid_ablation\results\no_pid_peer\all_case_results.csv
      Ours   synthetic   final-all-case-results     ok                  100  0.873895  0.860467      synthetic\_pid_ablation\results\peer_select_pid_weight\all_case_results.csv
      Ours   synthetic   final-all-case-results     ok                  100  0.893271  0.878090          synthetic\_pid_ablation\results\pid_select_uniform\all_case_results.csv
      Ours   synthetic   final-all-case-results     ok                  100  0.890932  0.876359                             synthetic\results_synthetic_our\all_case_results.csv
Time2State   synthetic       T2S-E2U-same-param     ok      128   50    100  0.525344  0.709370                  t2s\synthetic\results_t2s_synthetic_paper_grid\case_results.csv
Time2State   synthetic T2S-grid-mean-diagnostic     ok                  600  0.660732  0.775383                  t2s\synthetic\results_t2s_synthetic_paper_grid\case_results.csv
     E2USD   synthetic  E2USD-paper-fixed-param     ok      256   50   1000  0.863025  0.847162            e2usd\synthetic\results_e2usd_synthetic_strict_fixed\case_results.csv
      TICC   synthetic       baseline-grid-mean     ok                  100  0.436838  0.558309    ticc\synthetic\results_ticc_synthetic_w5_iter10_b2500_thr1e3\case_results.csv
 AutoPlait   synthetic       baseline-grid-mean     ok                  100  0.522176  0.627823                 autoplait\synthetic\results_autoplait_synthetic\case_results.csv
      HVGH   synthetic       baseline-grid-mean     ok                  100  0.040011  0.144763                           hvgh\synthetic\results_hvgh_synthetic\case_results.csv
     clasp   synthetic       baseline-grid-mean     ok                  100  0.279513  0.434678                         clasp\synthetic\results_clasp_synthetic\case_results.csv
    redsds   synthetic       baseline-grid-mean     ok                    2  0.489988  0.615074                       redsds\synthetic\results_redsds_synthetic\case_results.csv
      Ours     ucr-seg   final-all-case-results     ok                   32  0.210504  0.228991           ucrseg\_pid_ablation\results\all_branches_uniform\all_case_results.csv
      Ours     ucr-seg   final-all-case-results     ok                   32  0.437762  0.457745                       ucrseg\_pid_ablation\results\full_pid\all_case_results.csv
      Ours     ucr-seg   final-all-case-results     ok                   32  0.408979  0.426876                    ucrseg\_pid_ablation\results\no_pid_peer\all_case_results.csv
      Ours     ucr-seg   final-all-case-results     ok                   32  0.419745  0.432046         ucrseg\_pid_ablation\results\peer_select_pid_weight\all_case_results.csv
      Ours     ucr-seg   final-all-case-results     ok                   32  0.433922  0.455566             ucrseg\_pid_ablation\results\pid_select_uniform\all_case_results.csv
      Ours     ucr-seg   final-all-case-results     ok                   32  0.472285  0.489174                                   ucrseg\results_ucrseg_our\all_case_results.csv
Time2State     ucr-seg       T2S-E2U-same-param     ok      256   50     32  0.312085  0.385171                        t2s\ucrseg\results_t2s_ucrseg_paper_grid\case_results.csv
Time2State     ucr-seg T2S-grid-mean-diagnostic     ok                  186  0.297075  0.372629                        t2s\ucrseg\results_t2s_ucrseg_paper_grid\case_results.csv
     E2USD     ucr-seg  E2USD-paper-fixed-param     ok      512   50    320  0.345764  0.446685                  e2usd\ucrseg\results_e2usd_ucrseg_strict_fixed\case_results.csv
      TICC     ucr-seg       baseline-grid-mean     ok                   32  0.209119  0.242928           ticc\ucrseg\results_ticc_ucrseg_w3_iter10_b500_thr1e3\case_results.csv
 AutoPlait     ucr-seg       baseline-grid-mean     ok                   32  0.194143  0.237699                       autoplait\ucrseg\results_autoplait_ucrseg\case_results.csv
      HVGH     ucr-seg       baseline-grid-mean     ok                   32  0.050452  0.132137                                 hvgh\ucrseg\results_hvgh_ucrseg\case_results.csv
     clasp     ucr-seg       baseline-grid-mean     ok                   32  0.436395  0.503427                               clasp\ucrseg\results_clasp_ucrseg\case_results.csv
      Ours     usc-had   final-all-case-results     ok                   70  0.582170  0.803291           uschad\_pid_ablation\results\all_branches_uniform\all_case_results.csv
      Ours     usc-had   final-all-case-results     ok                   70  0.681103  0.838555                       uschad\_pid_ablation\results\full_pid\all_case_results.csv
      Ours     usc-had   final-all-case-results     ok                   70  0.663583  0.832936                    uschad\_pid_ablation\results\no_pid_peer\all_case_results.csv
      Ours     usc-had   final-all-case-results     ok                   70  0.669314  0.835154         uschad\_pid_ablation\results\peer_select_pid_weight\all_case_results.csv
      Ours     usc-had   final-all-case-results     ok                   70  0.679110  0.838364             uschad\_pid_ablation\results\pid_select_uniform\all_case_results.csv
      Ours     usc-had   final-all-case-results     ok                   70  0.692639  0.843410                                   uschad\results_uschad_our\all_case_results.csv
Time2State     usc-had       T2S-E2U-same-param     ok      256   50     70  0.585536  0.766964                        t2s\uschad\results_t2s_uschad_paper_grid\case_results.csv
Time2State     usc-had T2S-grid-mean-diagnostic     ok                  420  0.577834  0.751324                        t2s\uschad\results_t2s_uschad_paper_grid\case_results.csv
     E2USD     usc-had  E2USD-paper-fixed-param     ok      512   50    700  0.584141  0.773795                  e2usd\uschad\results_e2usd_uschad_strict_fixed\case_results.csv
      TICC     usc-had       baseline-grid-mean     ok                   70  0.381782  0.721863           ticc\uschad\results_ticc_uschad_w3_iter10_b500_thr1e3\case_results.csv
 AutoPlait     usc-had       baseline-grid-mean     ok                   70  0.294848  0.584118                       autoplait\uschad\results_autoplait_uschad\case_results.csv
      HVGH     usc-had       baseline-grid-mean     ok                   70  0.038041  0.173186                                 hvgh\uschad\results_hvgh_uschad\case_results.csv
     clasp     usc-had       baseline-grid-mean     ok                   70  0.640321  0.806375                               clasp\uschad\results_clasp_uschad\case_results.csv

[INFO] Methods in main table:
  AutoPlait
  E2USD
  HVGH
  Ours
  TICC
  Time2State
  clasp
  redsds
[4/4] Splitting main and ablation tables... 
Split completed.
Input          : D:\code\teacherT2S\our\_ari_nmi_summary\all_methods_main_table.csv
Main table     : D:\code\teacherT2S\our\_ari_nmi_summary\main_results_table.csv  rows=49
Ablation table : D:\code\teacherT2S\our\_ari_nmi_summary\pid_ablation_table.csv  rows=30
Excel workbook : not written (ModuleNotFoundError("No module named 'openpyxl'"))
DONE. 
Raw collector table: D:\code\teacherT2S\our\_ari_nmi_summary\all_methods_main_table.csv 
Main results table: D:\code\teacherT2S\our\_ari_nmi_summary\main_results_table.csv 
PID ablation table: D:\code\teacherT2S\our\_ari_nmi_summary\pid_ablation_table.csv 
Excel: D:\code\teacherT2S\our\_ari_nmi_summary\main_and_ablation_tables.xlsx 
